        -:    0:Source:test_Life.cpp
        -:    0:Graph:test_Life.gcno
        -:    0:Data:test_Life.gcda
        -:    0:Runs:1
        -:    1:#include "gtest/gtest.h"
        -:    2:#include "Life.hpp"
        -:    3:#include <sstream>
        -:    4:
        -:    5:
        2:    6:TEST(CellTest, test_1) {
        1:    7:    Cell cell(true); 
        1:    8:    cell.update(1);  
        1:    9:    cell.update(1);  
        -:   10:
        1:   11:    int is_alive = 0;
        1:   12:    cell.next_Evolution(is_alive);
       1*:   13:    EXPECT_EQ(is_alive, 1); // Should be alive after mutation
        1:   14:}
------------------
_ZN20CellTest_test_1_Test8TestBodyEv:
        1:    6:TEST(CellTest, test_1) {
        1:    7:    Cell cell(true); 
        1:    8:    cell.update(1);  
        1:    9:    cell.update(1);  
        -:   10:
        1:   11:    int is_alive = 0;
        1:   12:    cell.next_Evolution(is_alive);
       1*:   13:    EXPECT_EQ(is_alive, 1); // Should be alive after mutation
        1:   14:}
------------------
_ZN20CellTest_test_1_TestC2Ev:
        1:    6:TEST(CellTest, test_1) {
------------------
        -:   15:
        2:   16:TEST(LifeTest, test_2) {
        1:   17:    Life<Cell> sim(3, 3);
        1:   18:    sim.replace_cell(1, 1); 
        1:   19:    sim.eval();        
       1*:   20:    EXPECT_EQ(sim.population(), 4); // Simple test: center spawns neighbors
        1:   21:}
------------------
_ZN20LifeTest_test_2_Test8TestBodyEv:
        1:   16:TEST(LifeTest, test_2) {
        1:   17:    Life<Cell> sim(3, 3);
        1:   18:    sim.replace_cell(1, 1); 
        1:   19:    sim.eval();        
       1*:   20:    EXPECT_EQ(sim.population(), 4); // Simple test: center spawns neighbors
        1:   21:}
------------------
_ZN20LifeTest_test_2_TestC2Ev:
        1:   16:TEST(LifeTest, test_2) {
------------------
        -:   22:
        2:   23:TEST(LifeTest, test_3) {
        1:   24:    Life<ConwayCell> sim(2, 2);
        1:   25:    sim.replace_cell(0, 0);
        -:   26:
        1:   27:    std::ostringstream out;
        3:   28:    for (size_t r = 0; r < 2; ++r) {
        6:   29:        for (size_t c = 0; c < 2; ++c) {
        4:   30:            sim.print_cell(r, c, out);
        -:   31:        }
        2:   32:        out << '\n';
        -:   33:    }
        -:   34:
        1:   35:    std::string expected = "*.\n..\n";
       2*:   36:    EXPECT_EQ(out.str(), expected);
        1:   37:}
------------------
_ZN20LifeTest_test_3_Test8TestBodyEv:
        1:   23:TEST(LifeTest, test_3) {
        1:   24:    Life<ConwayCell> sim(2, 2);
        1:   25:    sim.replace_cell(0, 0);
        -:   26:
        1:   27:    std::ostringstream out;
        3:   28:    for (size_t r = 0; r < 2; ++r) {
        6:   29:        for (size_t c = 0; c < 2; ++c) {
        4:   30:            sim.print_cell(r, c, out);
        -:   31:        }
        2:   32:        out << '\n';
        -:   33:    }
        -:   34:
        1:   35:    std::string expected = "*.\n..\n";
       2*:   36:    EXPECT_EQ(out.str(), expected);
        1:   37:}
------------------
_ZN20LifeTest_test_3_TestC2Ev:
        1:   23:TEST(LifeTest, test_3) {
------------------
        -:   38:
        2:   39:TEST(CloneTest,test_4) {
        1:   40:    FredkinCell c(true, 5);
       1*:   41:    FredkinCell* clone = dynamic_cast<FredkinCell*>(c.clone());
       1*:   42:    ASSERT_NE(clone, nullptr);
       1*:   43:    EXPECT_NE(clone, &c);
        1:   44:    delete clone;
        1:   45:}
------------------
_ZN21CloneTest_test_4_Test8TestBodyEv:
        1:   39:TEST(CloneTest,test_4) {
        1:   40:    FredkinCell c(true, 5);
       1*:   41:    FredkinCell* clone = dynamic_cast<FredkinCell*>(c.clone());
       1*:   42:    ASSERT_NE(clone, nullptr);
       1*:   43:    EXPECT_NE(clone, &c);
        1:   44:    delete clone;
        1:   45:}
------------------
_ZN21CloneTest_test_4_TestC2Ev:
        1:   39:TEST(CloneTest,test_4) {
------------------
        -:   46:
        2:   47:TEST(CloneTest, test_5) {
        1:   48:    ConwayCell c(true);
       1*:   49:    ConwayCell* clone = dynamic_cast<ConwayCell*>(c.clone());
       1*:   50:    ASSERT_NE(clone, nullptr);
       1*:   51:    EXPECT_NE(clone, &c);
        1:   52:    delete clone;
        1:   53:}
------------------
_ZN21CloneTest_test_5_Test8TestBodyEv:
        1:   47:TEST(CloneTest, test_5) {
        1:   48:    ConwayCell c(true);
       1*:   49:    ConwayCell* clone = dynamic_cast<ConwayCell*>(c.clone());
       1*:   50:    ASSERT_NE(clone, nullptr);
       1*:   51:    EXPECT_NE(clone, &c);
        1:   52:    delete clone;
        1:   53:}
------------------
_ZN21CloneTest_test_5_TestC2Ev:
        1:   47:TEST(CloneTest, test_5) {
------------------
        -:   54:
        2:   55:TEST(FredkinToConwayTest,  test_6) {
        1:   56:    Cell cell(true); // FredkinCell
        1:   57:    cell.update(1);  // age = 1
        1:   58:    cell.update(1);  // age = 2 -> should mutate
        -:   59:
        1:   60:    int is_alive = 0;
        1:   61:    cell.next_Evolution(is_alive);
       1*:   62:    EXPECT_EQ(is_alive, 1);
        1:   63:}
------------------
_ZN31FredkinToConwayTest_test_6_Test8TestBodyEv:
        1:   55:TEST(FredkinToConwayTest,  test_6) {
        1:   56:    Cell cell(true); // FredkinCell
        1:   57:    cell.update(1);  // age = 1
        1:   58:    cell.update(1);  // age = 2 -> should mutate
        -:   59:
        1:   60:    int is_alive = 0;
        1:   61:    cell.next_Evolution(is_alive);
       1*:   62:    EXPECT_EQ(is_alive, 1);
        1:   63:}
------------------
_ZN31FredkinToConwayTest_test_6_TestC2Ev:
        1:   55:TEST(FredkinToConwayTest,  test_6) {
------------------
        -:   64:
        2:   65:TEST(FredkinSymbolTest,  test_7) {
        1:   66:    FredkinCell c(true, 10);
        1:   67:    std::ostringstream os;
        1:   68:    c.print(os);
       2*:   69:    EXPECT_EQ(os.str(), "+");
        -:   70:
        2:   71:    FredkinCell c2(true, 15);
        2:   72:    std::ostringstream os2;
        1:   73:    c2.print(os2);
       2*:   74:    EXPECT_EQ(os2.str(), "+");
        1:   75:}
------------------
_ZN29FredkinSymbolTest_test_7_Test8TestBodyEv:
        1:   65:TEST(FredkinSymbolTest,  test_7) {
        1:   66:    FredkinCell c(true, 10);
        1:   67:    std::ostringstream os;
        1:   68:    c.print(os);
       2*:   69:    EXPECT_EQ(os.str(), "+");
        -:   70:
        2:   71:    FredkinCell c2(true, 15);
        2:   72:    std::ostringstream os2;
        1:   73:    c2.print(os2);
       2*:   74:    EXPECT_EQ(os2.str(), "+");
        1:   75:}
------------------
_ZN29FredkinSymbolTest_test_7_TestC2Ev:
        1:   65:TEST(FredkinSymbolTest,  test_7) {
------------------
        -:   76:
        2:   77:TEST(CellAssignment,  test_8) {
        1:   78:    Cell c(true);
        1:   79:    c = c; // Self-assignment
        1:   80:    int alive = 0;
        1:   81:    c.next_Evolution(alive);
       1*:   82:    EXPECT_EQ(alive, 1);
        1:   83:}
------------------
_ZN26CellAssignment_test_8_Test8TestBodyEv:
        1:   77:TEST(CellAssignment,  test_8) {
        1:   78:    Cell c(true);
        1:   79:    c = c; // Self-assignment
        1:   80:    int alive = 0;
        1:   81:    c.next_Evolution(alive);
       1*:   82:    EXPECT_EQ(alive, 1);
        1:   83:}
------------------
_ZN26CellAssignment_test_8_TestC2Ev:
        1:   77:TEST(CellAssignment,  test_8) {
------------------
        -:   84:
        2:   85:TEST(LifeConwayTest,  test_9) {
        1:   86:    Life<ConwayCell> sim(3, 3);
        1:   87:    sim.replace_cell(1, 1);
        1:   88:    sim.replace_cell(1, 2);
        1:   89:    sim.replace_cell(2, 1);
        -:   90:
        1:   91:    std::ostringstream out_before;
        4:   92:    for (size_t r = 0; r < 3; ++r) {
       12:   93:        for (size_t c = 0; c < 3; ++c) {
        9:   94:            sim.print_cell(r, c, out_before);
        -:   95:        }
        3:   96:        out_before << '\n';
        -:   97:    }
        -:   98:
        1:   99:    sim.eval();
        -:  100:
        1:  101:    std::ostringstream out_after;
        4:  102:    for (size_t r = 0; r < 3; ++r) {
       12:  103:        for (size_t c = 0; c < 3; ++c) {
        9:  104:            sim.print_cell(r, c, out_after);
        -:  105:        }
        3:  106:        out_after << '\n';
        -:  107:    }
        -:  108:
       1*:  109:    EXPECT_FALSE(out_before.str().empty());
       1*:  110:    EXPECT_FALSE(out_after.str().empty());
        1:  111:}
------------------
_ZN26LifeConwayTest_test_9_Test8TestBodyEv:
        1:   85:TEST(LifeConwayTest,  test_9) {
        1:   86:    Life<ConwayCell> sim(3, 3);
        1:   87:    sim.replace_cell(1, 1);
        1:   88:    sim.replace_cell(1, 2);
        1:   89:    sim.replace_cell(2, 1);
        -:   90:
        1:   91:    std::ostringstream out_before;
        4:   92:    for (size_t r = 0; r < 3; ++r) {
       12:   93:        for (size_t c = 0; c < 3; ++c) {
        9:   94:            sim.print_cell(r, c, out_before);
        -:   95:        }
        3:   96:        out_before << '\n';
        -:   97:    }
        -:   98:
        1:   99:    sim.eval();
        -:  100:
        1:  101:    std::ostringstream out_after;
        4:  102:    for (size_t r = 0; r < 3; ++r) {
       12:  103:        for (size_t c = 0; c < 3; ++c) {
        9:  104:            sim.print_cell(r, c, out_after);
        -:  105:        }
        3:  106:        out_after << '\n';
        -:  107:    }
        -:  108:
       1*:  109:    EXPECT_FALSE(out_before.str().empty());
       1*:  110:    EXPECT_FALSE(out_after.str().empty());
        1:  111:}
------------------
_ZN26LifeConwayTest_test_9_TestC2Ev:
        1:   85:TEST(LifeConwayTest,  test_9) {
------------------
        -:  112:
        2:  113:TEST(LifePopulationTest,  test_10) {
        1:  114:    Life<Cell> sim(2, 2);
       1*:  115:    EXPECT_EQ(sim.population(), 0);
        -:  116:
        1:  117:    sim.replace_cell(0, 0);
        1:  118:    sim.replace_cell(0, 1);
        1:  119:    sim.replace_cell(1, 0);
        1:  120:    sim.replace_cell(1, 1);
        -:  121:
       1*:  122:    EXPECT_EQ(sim.population(), 4);
        1:  123:}
------------------
_ZN31LifePopulationTest_test_10_Test8TestBodyEv:
        1:  113:TEST(LifePopulationTest,  test_10) {
        1:  114:    Life<Cell> sim(2, 2);
       1*:  115:    EXPECT_EQ(sim.population(), 0);
        -:  116:
        1:  117:    sim.replace_cell(0, 0);
        1:  118:    sim.replace_cell(0, 1);
        1:  119:    sim.replace_cell(1, 0);
        1:  120:    sim.replace_cell(1, 1);
        -:  121:
       1*:  122:    EXPECT_EQ(sim.population(), 4);
        1:  123:}
------------------
_ZN31LifePopulationTest_test_10_TestC2Ev:
        1:  113:TEST(LifePopulationTest,  test_10) {
------------------
        -:  124:
        2:  125:TEST(FredkinCellTest, test_11) {
        1:  126:    FredkinCell c(true); // alive
        -:  127:
       1*:  128:    EXPECT_FALSE(c.evolve(0).alive);
        1:  129:    c = FredkinCell(true);
       1*:  130:    EXPECT_FALSE(c.evolve(2).alive);
        1:  131:    c = FredkinCell(true);
       1*:  132:    EXPECT_FALSE(c.evolve(4).alive);
        -:  133:
        1:  134:    c = FredkinCell(false);
       1*:  135:    EXPECT_FALSE(c.evolve(0).alive);
       1*:  136:    EXPECT_FALSE(c.evolve(2).alive);
       1*:  137:    EXPECT_FALSE(c.evolve(4).alive);
        -:  138:
        1:  139:    c = FredkinCell(false);
       1*:  140:    EXPECT_TRUE(c.evolve(1).alive);
        1:  141:    c = FredkinCell(false);
       1*:  142:    EXPECT_TRUE(c.evolve(3).alive);
        1:  143:}
------------------
_ZN28FredkinCellTest_test_11_Test8TestBodyEv:
        1:  125:TEST(FredkinCellTest, test_11) {
        1:  126:    FredkinCell c(true); // alive
        -:  127:
       1*:  128:    EXPECT_FALSE(c.evolve(0).alive);
        1:  129:    c = FredkinCell(true);
       1*:  130:    EXPECT_FALSE(c.evolve(2).alive);
        1:  131:    c = FredkinCell(true);
       1*:  132:    EXPECT_FALSE(c.evolve(4).alive);
        -:  133:
        1:  134:    c = FredkinCell(false);
       1*:  135:    EXPECT_FALSE(c.evolve(0).alive);
       1*:  136:    EXPECT_FALSE(c.evolve(2).alive);
       1*:  137:    EXPECT_FALSE(c.evolve(4).alive);
        -:  138:
        1:  139:    c = FredkinCell(false);
       1*:  140:    EXPECT_TRUE(c.evolve(1).alive);
        1:  141:    c = FredkinCell(false);
       1*:  142:    EXPECT_TRUE(c.evolve(3).alive);
        1:  143:}
------------------
_ZN28FredkinCellTest_test_11_TestC2Ev:
        1:  125:TEST(FredkinCellTest, test_11) {
------------------
